2023-11-10T15:30:42.550Z - INSERT INTO genres(name, description) VALUES (a, a)
2023-11-10T15:31:29.905Z - INSERT INTO genres(name, description) VALUES (Sara, Sara is the hottest genre ever! :O)
2023-11-10T15:39:00.416Z - INSERT INTO genres(name, description) VALUES (a, a)
2023-11-10T15:41:03.454Z - INSERT INTO genres(name, description) VALUES (YellowTest, asd)
2023-11-10T15:42:28.839Z - INSERT INTO genres(name, description) VALUES (Yo test, asd)
2023-11-10T15:52:05.834Z - INSERT INTO genres(name, description) VALUES (asdasd, asdasd)
2023-11-10T15:53:58.747Z - INSERT INTO genres(name, description) VALUES (Sara, Sara is the hottest genre ever! :O)
Table genres has been updated. - INSERT INTO genres(name, description) VALUES (gfhhgfdgf, hggfhdgfdhgf)
Table genres has been updated. - INSERT INTO genres(name, description) VALUES (Action, wowowowoow ogcool)
Table publishers has been updated. - INSERT INTO publishers(name, description) VALUES (Gabriel&Co, the mostest west shittið ever)
Table characters has been updated. - INSERT INTO characters(alias, firstName, lastName, description) VALUES (Legend Jerry, Jeremias, undefined, the llegendary legend jerry.)
Table characters has been updated. - INSERT INTO characters(alias, firstName, lastName, description) VALUES ( dfgdfg df g df gdf g d,  dgf gfd gdfg fd gdf gdf, undefined,  gfdg fd gfdg d g)
Table characters has been updated. - INSERT INTO characters(alias, firstName, lastName, description) VALUES (alias, firstname, undefined, deasdfip)
Table characters has been updated. - INSERT INTO characters(alias, firstName, lastName, description) VALUES (jyfy, yuttu, undefined, tyutyutyu)
Table characters has been updated. - INSERT INTO characters(alias, firstName, lastName, description) VALUES (al, fm, ln, desc)
Table series has been updated. - INSERT INTO series(name, description) VALUES (Jereurjiseries, WOOOOOOOOOOOOOOOW)
Table series has been updated. - INSERT INTO series(name, description) VALUES (Griffisu Series 5, Griffisuyawesomewow!)
Table comics independant has been updated. - INSERT INTO comics(name, description) VALUES (, , , , , )
Table comics independant has been updated. - INSERT INTO comics(name, description) VALUES (6246456436436, 0005-05-05, 4455555555555555, 34654356, 43564356, 6364356)
Table comics independant has been updated. - INSERT INTO comics(name, description) VALUES (525244323254, 0005-05-05, the summary, 13312, 122331, 7665765)
Table comics independant has been updated. - INSERT INTO comics(name, description) VALUES (12345613, 0005-05-05, the su mary, 464564, 545645, 456456)
Table comics independant has been updated. - INSERT INTO comics(name, description) VALUES (8726358723458732465873246, 0005-05-05, dfsdfdsf, 4535345, 55555, 55555)
Table comics independant has been updated. - INSERT INTO comics(name, description) VALUES (876534265873465843265, 0006-06-06, SUMARY13132123, 650, 12, 1200)
Table comics independant has been updated. - INSERT INTO comics(name, description) VALUES (876534265873467775843265, 0006-06-06, SUMARY13132123, 651, 12, 1200)
Table publishers has been updated. - INSERT INTO publishers(name, description) VALUES (hello, desdsed)
Table comics independant has been updated. - INSERT INTO comics(name, description) VALUES (87687865786578677, 0005-05-05, wow best sumare, 9896577, 43234234, 24234)
